<?xml version="1.0" encoding="UTF-8"?>
<!-- Generated by org.testng.reporters.JUnitXMLReporter -->
<testsuite ignored="2" hostname="IN-580D5S3" failures="0" tests="6" name="Default test" time="0.091" errors="0" timestamp="2024-05-01T01:12:28 IST">
  <testcase classname="TestCases.TestMethods" name="@BeforeClass beforeTest" time="-1.714506148876E9">
    <failure type="org.testng.TestNGException" message="
Parameter &amp;apos;browserName&amp;apos; is required by BeforeClass on method beforeTest but has not been marked @Optional or defined
in C:\Users\gauravgupta16\AppData\Local\Temp\testng-eclipse--1577876582\testng-customsuite.xml">
      <![CDATA[org.testng.TestNGException: 
Parameter 'browserName' is required by BeforeClass on method beforeTest but has not been marked @Optional or defined
in C:\Users\gauravgupta16\AppData\Local\Temp\testng-eclipse--1577876582\testng-customsuite.xml
at org.testng.internal.Parameters.createParams(Parameters.java:267)
at org.testng.internal.Parameters.createParametersForMethod(Parameters.java:355)
at org.testng.internal.Parameters.createParameters(Parameters.java:684)
at org.testng.internal.Parameters.createConfigurationParameters(Parameters.java:166)
at org.testng.internal.invokers.ConfigInvoker.invokeConfigurations(ConfigInvoker.java:306)
at org.testng.internal.invokers.TestMethodWorker.invokeBeforeClassMethods(TestMethodWorker.java:180)
at org.testng.internal.invokers.TestMethodWorker.run(TestMethodWorker.java:122)
at java.base/java.util.ArrayList.forEach(ArrayList.java:1511)
at org.testng.TestRunner.privateRun(TestRunner.java:848)
at org.testng.TestRunner.run(TestRunner.java:621)
at org.testng.SuiteRunner.runTest(SuiteRunner.java:443)
at org.testng.SuiteRunner.runSequentially(SuiteRunner.java:437)
at org.testng.SuiteRunner.privateRun(SuiteRunner.java:397)
at org.testng.SuiteRunner.run(SuiteRunner.java:336)
at org.testng.SuiteRunnerWorker.runSuite(SuiteRunnerWorker.java:52)
at org.testng.SuiteRunnerWorker.run(SuiteRunnerWorker.java:95)
at org.testng.TestNG.runSuitesSequentially(TestNG.java:1280)
at org.testng.TestNG.runSuitesLocally(TestNG.java:1200)
at org.testng.TestNG.runSuites(TestNG.java:1114)
at org.testng.TestNG.run(TestNG.java:1082)
at org.testng.remote.AbstractRemoteTestNG.run(AbstractRemoteTestNG.java:115)
at org.testng.remote.RemoteTestNG.initAndRun(RemoteTestNG.java:293)
at org.testng.remote.RemoteTestNG.main(RemoteTestNG.java:91)
]]>
    </failure>
  </testcase> <!-- @BeforeClass beforeTest -->
  <testcase classname="TestCases.TestMethods" name="@AfterClass afterTest" time="0.0">
    <skipped/>
  </testcase> <!-- @AfterClass afterTest -->
  <testcase classname="TestCases.TestMethods" name="openGoogle" time="0.0">
    <skipped/>
  </testcase> <!-- openGoogle -->
  <testcase classname="TestCases.TestMethods" name="searchOperation" time="0.0">
    <skipped/>
  </testcase> <!-- searchOperation -->
  <testcase classname="TestCases.TestMethods" name="verifyHomepage" time="0.0">
    <skipped/>
  </testcase> <!-- verifyHomepage -->
  <testcase classname="TestCases.TestMethods" name="searchProduct" time="0.0">
    <skipped/>
  </testcase> <!-- searchProduct -->
  <testcase classname="TestCases.TestMethods" name="selectProduct" time="0.0">
    <skipped/>
  </testcase> <!-- selectProduct -->
  <testcase classname="TestCases.TestMethods" name="selectAmazonFresh" time="0.0">
    <skipped/>
  </testcase> <!-- selectAmazonFresh -->
  <testcase classname="TestCases.TestMethods" name="signInClick" time="0.0">
    <ignored/>
  </testcase> <!-- signInClick -->
  <testcase classname="TestCases.TestMethods" name="signIn" time="0.0">
    <ignored/>
  </testcase> <!-- signIn -->
</testsuite> <!-- Default test -->
