<?xml version="1.0" encoding="UTF-8"?>
<!-- Generated by org.testng.reporters.JUnitXMLReporter -->
<testsuite ignored="2" hostname="IN-580D5S3" failures="0" tests="6" name="TestonIE" time="0.299" errors="0" timestamp="2024-05-01T01:12:46 IST">
  <testcase classname="TestCases.TestMethods" name="@BeforeClass beforeTest" time="0.182">
    <failure type="java.util.NoSuchElementException" message="No value present">
      <![CDATA[java.util.NoSuchElementException: No value present
at java.base/java.util.Optional.get(Optional.java:143)
at io.github.bonigarcia.wdm.WebDriverManager.<init>(WebDriverManager.java:225)
at io.github.bonigarcia.wdm.managers.FirefoxDriverManager.<init>(FirefoxDriverManager.java:41)
at io.github.bonigarcia.wdm.WebDriverManager.firefoxdriver(WebDriverManager.java:244)
at TestCases.TestMethods.beforeTest(TestMethods.java:86)
at java.base/java.util.ArrayList.forEach(ArrayList.java:1511)
at java.base/java.util.concurrent.FutureTask.run(FutureTask.java:264)
at java.base/java.util.concurrent.ThreadPoolExecutor.runWorker(ThreadPoolExecutor.java:1136)
at java.base/java.util.concurrent.ThreadPoolExecutor$Worker.run(ThreadPoolExecutor.java:635)
at java.base/java.lang.Thread.run(Thread.java:840)
... Removed 15 stack frames]]>
    </failure>
  </testcase> <!-- @BeforeClass beforeTest -->
  <testcase classname="TestCases.TestMethods" name="@AfterClass afterTest" time="0.0">
    <skipped/>
  </testcase> <!-- @AfterClass afterTest -->
  <testcase classname="TestCases.TestMethods" name="openGoogle" time="0.001">
    <skipped/>
  </testcase> <!-- openGoogle -->
  <testcase classname="TestCases.TestMethods" name="searchOperation" time="0.0">
    <skipped/>
  </testcase> <!-- searchOperation -->
  <testcase classname="TestCases.TestMethods" name="verifyHomepage" time="0.0">
    <skipped/>
  </testcase> <!-- verifyHomepage -->
  <testcase classname="TestCases.TestMethods" name="searchProduct" time="0.0">
    <skipped/>
  </testcase> <!-- searchProduct -->
  <testcase classname="TestCases.TestMethods" name="selectProduct" time="0.001">
    <skipped/>
  </testcase> <!-- selectProduct -->
  <testcase classname="TestCases.TestMethods" name="selectAmazonFresh" time="0.001">
    <skipped/>
  </testcase> <!-- selectAmazonFresh -->
  <testcase classname="TestCases.TestMethods" name="signIn" time="0.0">
    <ignored/>
  </testcase> <!-- signIn -->
  <testcase classname="TestCases.TestMethods" name="signInClick" time="0.0">
    <ignored/>
  </testcase> <!-- signInClick -->
</testsuite> <!-- TestonIE -->
